<?xml version="1.0" encoding="UTF-8"?>
<!-- Generated by org.testng.reporters.JUnitXMLReporter -->
<testsuite hostname="DESKTOP-0MN63C8" ignored="5" name="Default test" tests="3" failures="0" timestamp="03 Apr 2023 12:30:37 GMT" time="9.909" errors="0">
  <testcase name="rest" time="9.845" classname="org.test.co.A"/>
  <testcase name="test13" time="0.0" classname="org.test.co.A"/>
  <testcase name="test167" time="0.016" classname="org.test.co.A"/>
  <testcase name="test" time="0.0" classname="org.test.co.A">
    <ignored/>
  </testcase> <!-- test -->
  <testcase name="test3" time="0.0" classname="org.test.co.A">
    <ignored/>
  </testcase> <!-- test3 -->
  <testcase name="test188" time="0.0" classname="org.test.co.A">
    <ignored/>
  </testcase> <!-- test188 -->
  <testcase name="test19" time="0.0" classname="org.test.co.A">
    <ignored/>
  </testcase> <!-- test19 -->
  <testcase name="test18" time="0.0" classname="org.test.co.A">
    <ignored/>
  </testcase> <!-- test18 -->
</testsuite> <!-- Default test -->
