<?xml version="1.0" encoding="UTF-8"?>
<!-- Generated by org.testng.reporters.JUnitXMLReporter -->
<testsuite hostname="DESKTOP-0MN63C8" ignored="3" name="Default test" tests="1" failures="0" timestamp="08 Mar 2023 07:50:10 GMT" time="6.353" errors="0">
  <testcase name="rest" time="6.28" classname="org.test.co.A"/>
  <testcase name="test" time="0.0" classname="org.test.co.A">
    <ignored/>
  </testcase> <!-- test -->
  <testcase name="test3" time="0.0" classname="org.test.co.A">
    <ignored/>
  </testcase> <!-- test3 -->
  <testcase name="test1" time="0.0" classname="org.test.co.A">
    <ignored/>
  </testcase> <!-- test1 -->
</testsuite> <!-- Default test -->
