<?xml version="1.0" encoding="UTF-8"?>
<!-- Generated by org.testng.reporters.JUnitXMLReporter -->
<testsuite hostname="DESKTOP-0MN63C8" ignored="2" name="Test" tests="4" failures="1" timestamp="08 Mar 2023 07:46:45 GMT" time="0.221" errors="0">
  <testcase name="test" time="0.05" classname="org.test.co.A">
    <skipped/>
  </testcase> <!-- test -->
  <testcase name="test" time="0.005" classname="org.test.co.A">
    <skipped/>
  </testcase> <!-- test -->
  <testcase name="test" time="0.006" classname="org.test.co.A">
    <skipped/>
  </testcase> <!-- test -->
  <testcase name="test" time="0.003" classname="org.test.co.A">
    <failure type="java.lang.AssertionError" message="expected [true] but found [false]">
      <![CDATA[java.lang.AssertionError: expected [true] but found [false]
at org.test.co.A.test(A.java:26)
... Removed 29 stack frames]]>
    </failure>
  </testcase> <!-- test -->
  <testcase name="test3" time="0.0" classname="org.test.co.A">
    <ignored/>
  </testcase> <!-- test3 -->
  <testcase name="test1" time="0.0" classname="org.test.co.A">
    <ignored/>
  </testcase> <!-- test1 -->
</testsuite> <!-- Test -->
