<?xml version="1.0" encoding="UTF-8"?>
<testng-results skipped="0" failed="0" ignored="3" total="4" passed="1">
  <reporter-output>
  </reporter-output>
  <suite name="Default suite" duration-ms="6353" started-at="2023-03-08T07:50:04Z" finished-at="2023-03-08T07:50:10Z">
    <groups>
    </groups>
    <test name="Default test" duration-ms="6353" started-at="2023-03-08T07:50:04Z" finished-at="2023-03-08T07:50:10Z">
      <class name="org.test.co.A">
        <test-method status="PASS" signature="rest()[pri:0, instance:org.test.co.A@2ac273d3]" name="rest" duration-ms="6280" started-at="2023-03-08T07:50:04Z" finished-at="2023-03-08T07:50:10Z">
          <reporter-output>
          </reporter-output>
        </test-method> <!-- rest -->
      </class> <!-- org.test.co.A -->
    </test> <!-- Default test -->
  </suite> <!-- Default suite -->
</testng-results>
