<?xml version="1.0" encoding="UTF-8"?>
<testng-results skipped="0" failed="0" ignored="5" total="8" passed="3">
  <reporter-output>
  </reporter-output>
  <suite name="Default suite" duration-ms="9909" started-at="2023-04-03T12:30:26Z" finished-at="2023-04-03T12:30:36Z">
    <groups>
    </groups>
    <test name="Default test" duration-ms="9909" started-at="2023-04-03T12:30:26Z" finished-at="2023-04-03T12:30:36Z">
      <class name="org.test.co.A">
        <test-method status="PASS" signature="rest()[pri:0, instance:org.test.co.A@2ac273d3]" name="rest" duration-ms="9845" started-at="2023-04-03T12:30:26Z" finished-at="2023-04-03T12:30:36Z">
          <reporter-output>
          </reporter-output>
        </test-method> <!-- rest -->
        <test-method status="PASS" signature="test167()[pri:0, instance:org.test.co.A@2ac273d3]" name="test167" duration-ms="16" started-at="2023-04-03T12:30:36Z" finished-at="2023-04-03T12:30:36Z">
          <reporter-output>
          </reporter-output>
        </test-method> <!-- test167 -->
        <test-method status="PASS" signature="test13()[pri:0, instance:org.test.co.A@2ac273d3]" name="test13" duration-ms="0" started-at="2023-04-03T12:30:36Z" finished-at="2023-04-03T12:30:36Z">
          <reporter-output>
          </reporter-output>
        </test-method> <!-- test13 -->
      </class> <!-- org.test.co.A -->
    </test> <!-- Default test -->
  </suite> <!-- Default suite -->
</testng-results>
